<?xml version="1.0" encoding="UTF-8"?>
<!-- Generated by org.testng.reporters.JUnitReportReporter -->
<testsuite hostname="SBALI" failures="0" tests="2" name="com.orangeHRM.test.LoginPageTest" time="3.231" errors="0" timestamp="2025-03-23T23:52:16 IST" skipped="0">
  <testcase classname="com.orangeHRM.test.LoginPageTest" name="verifyLoginWithInCorrectCredentials" time="1.601"/>
  <system-out/>
  <testcase classname="com.orangeHRM.test.LoginPageTest" name="verifyLoginWithCorrectCredentials" time="1.630"/>
  <system-out/>
</testsuite> <!-- com.orangeHRM.test.LoginPageTest -->
