<?xml version="1.0" encoding="UTF-8"?>
<!-- Generated by org.testng.reporters.JUnitReportReporter -->
<testsuite hostname="SBALI" failures="0" tests="2" name="com.orangeHRM.test.AdminPageTest" time="33.662" errors="0" timestamp="2025-03-23T23:52:16 IST" skipped="0">
  <testcase classname="com.orangeHRM.test.AdminPageTest" name="verifyRecordsAreUpdatedWithCorrectDetails" time="6.391"/>
  <system-out/>
  <testcase classname="com.orangeHRM.test.AdminPageTest" name="verifyRecordsAreEmptyIfNoRecordsArePresent" time="27.271"/>
  <system-out/>
</testsuite> <!-- com.orangeHRM.test.AdminPageTest -->
